Using pre-set license
Built from '2020.2/staging' branch; Version is '2020.2.7f1 (c53830e277f1) revision 12924976'; Using compiler version '192528614'; Build Type 'Release'
OS: 'Windows 10 Home; OS build 19042.985; Version 2009; 64bit' Language: 'pl' Physical Memory: 16304 MB
BatchMode: 1, IsHumanControllingUs: 0, StartBugReporterOnCrash: 0, Is64bit: 1, IsPro: 0

 COMMAND LINE ARGUMENTS:
E:\Programy Instal\Unity\2020.2.7f1\Editor\Unity.exe
-adb2
-batchMode
-noUpm
-name
AssetImportWorker0
-projectPath
E:/Projekty/Multymedia w Grach Komp/Game3/NewGame3
-logFile
Logs/AssetImportWorker0.log
-srvPort
65518
Successfully changed project path to: E:/Projekty/Multymedia w Grach Komp/Game3/NewGame3
E:/Projekty/Multymedia w Grach Komp/Game3/NewGame3
Using Asset Import Pipeline V2.
Refreshing native plugins compatible for Editor in 48.34 ms, found 1 plugins.
Preloading 0 native plugins for Editor in 0.00 ms.
Initialize engine version: 2020.2.7f1 (c53830e277f1)
[Subsystems] Discovering subsystems at path E:/Programy Instal/Unity/2020.2.7f1/Editor/Data/Resources/UnitySubsystems
[Subsystems] Discovering subsystems at path E:/Projekty/Multymedia w Grach Komp/Game3/NewGame3/Assets
GfxDevice: creating device client; threaded=0
Direct3D:
    Version:  Direct3D 11.0 [level 11.1]
    Renderer: NVIDIA GeForce GTX 1660 Ti (ID=0x2191)
    Vendor:   
    VRAM:     5991 MB
    Driver:   26.21.14.4223
Initialize mono
Mono path[0] = 'E:/Programy Instal/Unity/2020.2.7f1/Editor/Data/Managed'
Mono path[1] = 'E:/Programy Instal/Unity/2020.2.7f1/Editor/Data/MonoBleedingEdge/lib/mono/unityjit'
Mono config path = 'E:/Programy Instal/Unity/2020.2.7f1/Editor/Data/MonoBleedingEdge/etc'
Using monoOptions --debugger-agent=transport=dt_socket,embedding=1,server=y,suspend=n,address=127.0.0.1:56228
Begin MonoManager ReloadAssembly
Registering precompiled unity dll's ...
Register platform support module: E:/Programy Instal/Unity/2020.2.7f1/Editor/Data/PlaybackEngines/WindowsStandaloneSupport/UnityEditor.WindowsStandalone.Extensions.dll
Registered in 0.001426 seconds.
Native extension for WindowsStandalone target not found
Refreshing native plugins compatible for Editor in 47.93 ms, found 1 plugins.
Preloading 0 native plugins for Editor in 0.00 ms.
Invoked RoslynAnalysisRunner static constructor.
RoslynAnalysisRunner will not be running.
RoslynAnalysisRunner has terminated.
Mono: successfully reloaded assembly
- Completed reload, in  2.496 seconds
Platform modules already initialized, skipping
Registering precompiled user dll's ...
Registered in 0.001032 seconds.
Begin MonoManager ReloadAssembly
Native extension for WindowsStandalone target not found
Refreshing native plugins compatible for Editor in 57.93 ms, found 1 plugins.
Preloading 0 native plugins for Editor in 0.00 ms.
Invoked RoslynAnalysisRunner static constructor.
RoslynAnalysisRunner will not be running.
RoslynAnalysisRunner has terminated.
Mono: successfully reloaded assembly
- Completed reload, in  1.309 seconds
Platform modules already initialized, skipping
========================================================================
Worker process is ready to serve import requests
Launched and connected shader compiler UnityShaderCompiler.exe after 0.05 seconds
Refreshing native plugins compatible for Editor in 0.40 ms, found 1 plugins.
Preloading 0 native plugins for Editor in 0.00 ms.
Unloading 1806 Unused Serialized files (Serialized files now loaded: 0)
System memory in use before: 84.5 MB.
System memory in use after: 84.5 MB.

Unloading 24 unused Assets to reduce memory usage. Loaded Objects now: 2248.
Total: 2.559300 ms (FindLiveObjects: 0.230400 ms CreateObjectMapping: 0.128500 ms MarkObjects: 2.049700 ms  DeleteObjects: 0.148900 ms)

========================================================================
Received Import Request.
  path: Assets/Medieval_pixel_art_asset_FREE/Textures
  artifactKey: Guid(d91241baa713a0d4a812a1d5aee49972) Importer(815301076,1909f56bfc062723c751e8b465ee728b)
Start importing Assets/Medieval_pixel_art_asset_FREE/Textures using Guid(d91241baa713a0d4a812a1d5aee49972) Importer(815301076,1909f56bfc062723c751e8b465ee728b)  -> (artifact id: '02a4ebe08f55f9950aa9e26d371fca05') in 0.030310 seconds
  Import took 0.033853 seconds .

========================================================================
Received Import Request.
  Time since last request: 0.000418 seconds.
  path: Assets/Medieval_pixel_art_asset_FREE/Textures/Medieval_props_free.png
  artifactKey: Guid(ae3918a914038694d852d0bb81f62473) Importer(815301076,1909f56bfc062723c751e8b465ee728b)
Start importing Assets/Medieval_pixel_art_asset_FREE/Textures/Medieval_props_free.png using Guid(ae3918a914038694d852d0bb81f62473) Importer(815301076,1909f56bfc062723c751e8b465ee728b)  -> (artifact id: '3d9e7d7a54709539a9c8c0868f052da5') in 0.230817 seconds
  Import took 0.234213 seconds .

========================================================================
Received Import Request.
  Time since last request: 0.000356 seconds.
  path: Assets/Medieval_pixel_art_asset_FREE/Textures/Medieval_tiles_free2.png
  artifactKey: Guid(cf57b3e7835b02e4493371d9bc259b1b) Importer(815301076,1909f56bfc062723c751e8b465ee728b)
Start importing Assets/Medieval_pixel_art_asset_FREE/Textures/Medieval_tiles_free2.png using Guid(cf57b3e7835b02e4493371d9bc259b1b) Importer(815301076,1909f56bfc062723c751e8b465ee728b)  -> (artifact id: '935bd989a40abab76a27b06064158895') in 0.385428 seconds
  Import took 0.389695 seconds .

========================================================================
Received Import Request.
  Time since last request: 652.169065 seconds.
  path: Assets/Medieval_pixel_art_asset_FREE/Textures/Medieval.prefab
  artifactKey: Guid(a519ff31715c93b4bb6eba7d0b161c30) Importer(815301076,1909f56bfc062723c751e8b465ee728b)
Start importing Assets/Medieval_pixel_art_asset_FREE/Textures/Medieval.prefab using Guid(a519ff31715c93b4bb6eba7d0b161c30) Importer(815301076,1909f56bfc062723c751e8b465ee728b)  -> (artifact id: 'accedcc9096fe6350762527434dee0b9') in 0.017485 seconds
  Import took 0.022147 seconds .

========================================================================
Received Import Request.
  Time since last request: 121.260158 seconds.
  path: Assets/Medieval_pixel_art_asset_FREE/Textures/Medieval.prefab
  artifactKey: Guid(a519ff31715c93b4bb6eba7d0b161c30) Importer(815301076,1909f56bfc062723c751e8b465ee728b)
Start importing Assets/Medieval_pixel_art_asset_FREE/Textures/Medieval.prefab using Guid(a519ff31715c93b4bb6eba7d0b161c30) Importer(815301076,1909f56bfc062723c751e8b465ee728b)  -> (artifact id: '08b66a39ad47a45137557136813980f6') in 0.004640 seconds
  Import took 0.008334 seconds .

========================================================================
Received Import Request.
  Time since last request: 2202.431411 seconds.
  path: Assets/Pixel Adventure 1/Assets/Main Characters/Mask Dude/Double Jump (32x32).png
  artifactKey: Guid(241f742f0911c3a428eea6612ae23b77) Importer(815301076,1909f56bfc062723c751e8b465ee728b)
Start importing Assets/Pixel Adventure 1/Assets/Main Characters/Mask Dude/Double Jump (32x32).png using Guid(241f742f0911c3a428eea6612ae23b77) Importer(815301076,1909f56bfc062723c751e8b465ee728b)  -> (artifact id: 'ecc63f99e3ba76159ea7a3155b38dc24') in 0.038934 seconds
  Import took 0.043434 seconds .

========================================================================
Received Import Request.
  Time since last request: 0.000410 seconds.
  path: Assets/Pixel Adventure 1/Assets/Main Characters/Pink Man/Wall Jump (32x32).png
  artifactKey: Guid(603abb83490921841976d0f1b2045f23) Importer(815301076,1909f56bfc062723c751e8b465ee728b)
Start importing Assets/Pixel Adventure 1/Assets/Main Characters/Pink Man/Wall Jump (32x32).png using Guid(603abb83490921841976d0f1b2045f23) Importer(815301076,1909f56bfc062723c751e8b465ee728b)  -> (artifact id: '60cb992a2812efd01f5fba3d1eeaf30f') in 0.031439 seconds
  Import took 0.034856 seconds .

========================================================================
Received Import Request.
  Time since last request: 0.000445 seconds.
  path: Assets/Pixel Adventure 1/Assets/Traps/Trampoline/Jump (28x28).png
  artifactKey: Guid(5f67602c85a27a847aed4d15b8e0339e) Importer(815301076,1909f56bfc062723c751e8b465ee728b)
Start importing Assets/Pixel Adventure 1/Assets/Traps/Trampoline/Jump (28x28).png using Guid(5f67602c85a27a847aed4d15b8e0339e) Importer(815301076,1909f56bfc062723c751e8b465ee728b)  -> (artifact id: '3eb087f4b7464daede9597fb30d6f73e') in 0.039976 seconds
  Import took 0.043612 seconds .

========================================================================
Received Import Request.
  Time since last request: 0.000379 seconds.
  path: Assets/Pixel Adventure 1/Assets/Main Characters/Ninja Frog/Jump (32x32).png
  artifactKey: Guid(4872bd1108769a946a6acb68dc156fcf) Importer(815301076,1909f56bfc062723c751e8b465ee728b)
Start importing Assets/Pixel Adventure 1/Assets/Main Characters/Ninja Frog/Jump (32x32).png using Guid(4872bd1108769a946a6acb68dc156fcf) Importer(815301076,1909f56bfc062723c751e8b465ee728b)  -> (artifact id: 'b85813815704aecb70ff9cade7c7b065') in 0.014203 seconds
  Import took 0.017695 seconds .

========================================================================
Received Import Request.
  Time since last request: 0.000345 seconds.
  path: Assets/Pixel Adventure 1/Assets/Main Characters/Mask Dude/Jump (32x32).png
  artifactKey: Guid(2d728ff08787c6640bbe4984c7ff018b) Importer(815301076,1909f56bfc062723c751e8b465ee728b)
Start importing Assets/Pixel Adventure 1/Assets/Main Characters/Mask Dude/Jump (32x32).png using Guid(2d728ff08787c6640bbe4984c7ff018b) Importer(815301076,1909f56bfc062723c751e8b465ee728b)  -> (artifact id: '675d6f80f6b0f1088a4ffc3b1bc50cc1') in 0.010965 seconds
  Import took 0.014621 seconds .

========================================================================
Received Import Request.
  Time since last request: 0.000364 seconds.
  path: Assets/Pixel Adventure 1/Assets/Main Characters/Mask Dude/Wall Jump (32x32).png
  artifactKey: Guid(9b7e8d8d6e9ac904dba7f59ba8b11835) Importer(815301076,1909f56bfc062723c751e8b465ee728b)
Start importing Assets/Pixel Adventure 1/Assets/Main Characters/Mask Dude/Wall Jump (32x32).png using Guid(9b7e8d8d6e9ac904dba7f59ba8b11835) Importer(815301076,1909f56bfc062723c751e8b465ee728b)  -> (artifact id: '539d4283865932bb09a5ceb3d0b723ca') in 0.031661 seconds
  Import took 0.035194 seconds .

========================================================================
Received Import Request.
  Time since last request: 0.000320 seconds.
  path: Assets/Pixel Adventure 1/Assets/Main Characters/Virtual Guy/Wall Jump (32x32).png
  artifactKey: Guid(5a448cc07b6e09343924bf933b0cb70e) Importer(815301076,1909f56bfc062723c751e8b465ee728b)
Start importing Assets/Pixel Adventure 1/Assets/Main Characters/Virtual Guy/Wall Jump (32x32).png using Guid(5a448cc07b6e09343924bf933b0cb70e) Importer(815301076,1909f56bfc062723c751e8b465ee728b)  -> (artifact id: 'e18f23f0256f87ee734592340b34dd3d') in 0.018318 seconds
  Import took 0.021695 seconds .

========================================================================
Received Import Request.
  Time since last request: 0.000353 seconds.
  path: Assets/Pixel Adventure 1/Assets/Main Characters/Virtual Guy/Jump (32x32).png
  artifactKey: Guid(320f4eb52e227b446830a1f6fd691fca) Importer(815301076,1909f56bfc062723c751e8b465ee728b)
Start importing Assets/Pixel Adventure 1/Assets/Main Characters/Virtual Guy/Jump (32x32).png using Guid(320f4eb52e227b446830a1f6fd691fca) Importer(815301076,1909f56bfc062723c751e8b465ee728b)  -> (artifact id: 'bfa1df7f52a0ea08a5c85e81d07478de') in 0.011662 seconds
  Import took 0.015031 seconds .

========================================================================
Received Import Request.
  Time since last request: 0.000339 seconds.
  path: Assets/Pixel Adventure 1/Assets/Main Characters/Pink Man/Double Jump (32x32).png
  artifactKey: Guid(5fd9f3ec1e3e0bc4d8e308e10012a36a) Importer(815301076,1909f56bfc062723c751e8b465ee728b)
Start importing Assets/Pixel Adventure 1/Assets/Main Characters/Pink Man/Double Jump (32x32).png using Guid(5fd9f3ec1e3e0bc4d8e308e10012a36a) Importer(815301076,1909f56bfc062723c751e8b465ee728b)  -> (artifact id: 'fb2f7bc5469da382b5636f475f803039') in 0.026454 seconds
  Import took 0.030137 seconds .

========================================================================
Received Import Request.
  Time since last request: 0.000367 seconds.
  path: Assets/Pixel Adventure 1/Assets/Main Characters/Ninja Frog/Wall Jump (32x32).png
  artifactKey: Guid(3b332af1e6c55e94f8e5eb08fb4ab06b) Importer(815301076,1909f56bfc062723c751e8b465ee728b)
Start importing Assets/Pixel Adventure 1/Assets/Main Characters/Ninja Frog/Wall Jump (32x32).png using Guid(3b332af1e6c55e94f8e5eb08fb4ab06b) Importer(815301076,1909f56bfc062723c751e8b465ee728b)  -> (artifact id: 'cb9601795ebde4a58966d3303cf000b9') in 0.024666 seconds
  Import took 0.042023 seconds .

========================================================================
Received Import Request.
  Time since last request: 0.000311 seconds.
  path: Assets/Pixel Adventure 1/Assets/Main Characters/Ninja Frog/Double Jump (32x32).png
  artifactKey: Guid(4099f676255555240b5240f897805dce) Importer(815301076,1909f56bfc062723c751e8b465ee728b)
Start importing Assets/Pixel Adventure 1/Assets/Main Characters/Ninja Frog/Double Jump (32x32).png using Guid(4099f676255555240b5240f897805dce) Importer(815301076,1909f56bfc062723c751e8b465ee728b)  -> (artifact id: '8a7bd519ca15e542379f33bf5384e371') in 0.026038 seconds
  Import took 0.029604 seconds .

========================================================================
Received Import Request.
  Time since last request: 0.000358 seconds.
  path: Assets/Pixel Adventure 1/Assets/Main Characters/Virtual Guy/Double Jump (32x32).png
  artifactKey: Guid(62a315a8619ac644f899c29e008115c0) Importer(815301076,1909f56bfc062723c751e8b465ee728b)
Start importing Assets/Pixel Adventure 1/Assets/Main Characters/Virtual Guy/Double Jump (32x32).png using Guid(62a315a8619ac644f899c29e008115c0) Importer(815301076,1909f56bfc062723c751e8b465ee728b)  -> (artifact id: 'c96ba8f1eddf95ace6a5312e93563f73') in 0.026886 seconds
  Import took 0.030601 seconds .

========================================================================
Received Import Request.
  Time since last request: 0.000410 seconds.
  path: Assets/Pixel Adventure 1/Assets/Main Characters/Pink Man/Jump (32x32).png
  artifactKey: Guid(edbf2f282f3feb940b6238d4d339ada4) Importer(815301076,1909f56bfc062723c751e8b465ee728b)
Start importing Assets/Pixel Adventure 1/Assets/Main Characters/Pink Man/Jump (32x32).png using Guid(edbf2f282f3feb940b6238d4d339ada4) Importer(815301076,1909f56bfc062723c751e8b465ee728b)  -> (artifact id: '6b7f41c4b4344496af3f1c8ad92a5ffb') in 0.008009 seconds
  Import took 0.011513 seconds .

========================================================================
Received Import Request.
  Time since last request: 39.688596 seconds.
  path: Assets/Pixel Adventure 1/Assets/Main Characters/Ninja Frog/Materials/Jump (32x32).mat
  artifactKey: Guid(17203e452fa00584ab9f4276f14d9fdd) Importer(815301076,1909f56bfc062723c751e8b465ee728b)
Start importing Assets/Pixel Adventure 1/Assets/Main Characters/Ninja Frog/Materials/Jump (32x32).mat using Guid(17203e452fa00584ab9f4276f14d9fdd) Importer(815301076,1909f56bfc062723c751e8b465ee728b)  -> (artifact id: '3d63b3af54e6a3d8dfe40a648637659d') in 0.083068 seconds
  Import took 0.087663 seconds .

========================================================================
Received Import Request.
  Time since last request: 17.121899 seconds.
  path: Assets/Pixel Adventure 1/Assets/Main Characters/Ninja Frog/Jump (32x32).png
  artifactKey: Guid(4872bd1108769a946a6acb68dc156fcf) Importer(815301076,1909f56bfc062723c751e8b465ee728b)
Start importing Assets/Pixel Adventure 1/Assets/Main Characters/Ninja Frog/Jump (32x32).png using Guid(4872bd1108769a946a6acb68dc156fcf) Importer(815301076,1909f56bfc062723c751e8b465ee728b)  -> (artifact id: 'e3ece20d9a76e024c629324ab8cb08fa') in 0.017522 seconds
  Import took 0.021365 seconds .

========================================================================
Received Import Request.
  Time since last request: 164.434035 seconds.
  path: Assets/Pixel Adventure 1/Assets/Main Characters/Virtual Guy/Jump (32x32).png
  artifactKey: Guid(320f4eb52e227b446830a1f6fd691fca) Importer(815301076,1909f56bfc062723c751e8b465ee728b)
Start importing Assets/Pixel Adventure 1/Assets/Main Characters/Virtual Guy/Jump (32x32).png using Guid(320f4eb52e227b446830a1f6fd691fca) Importer(815301076,1909f56bfc062723c751e8b465ee728b)  -> (artifact id: '13f4ad5b35f72398f6203fa1b67f10a2') in 0.009902 seconds
  Import took 0.013822 seconds .

========================================================================
Received Import Request.
  Time since last request: 57.257068 seconds.
  path: Assets/Pixel Adventure 1/Assets/Main Characters/Virtual Guy/Jump (32x32).png
  artifactKey: Guid(320f4eb52e227b446830a1f6fd691fca) Importer(815301076,1909f56bfc062723c751e8b465ee728b)
Start importing Assets/Pixel Adventure 1/Assets/Main Characters/Virtual Guy/Jump (32x32).png using Guid(320f4eb52e227b446830a1f6fd691fca) Importer(815301076,1909f56bfc062723c751e8b465ee728b)  -> (artifact id: '12bf760e2d136acbd78be2d8ee286207') in 0.008990 seconds
  Import took 0.012774 seconds .

========================================================================
Received Import Request.
  Time since last request: 0.000636 seconds.
  path: Assets/Pixel Adventure 1/Assets/Main Characters/Virtual Guy/Jump (32x32).png
  artifactKey: Guid(320f4eb52e227b446830a1f6fd691fca) Importer(815301076,1909f56bfc062723c751e8b465ee728b)
Start importing Assets/Pixel Adventure 1/Assets/Main Characters/Virtual Guy/Jump (32x32).png using Guid(320f4eb52e227b446830a1f6fd691fca) Importer(815301076,1909f56bfc062723c751e8b465ee728b)  -> (artifact id: '12bf760e2d136acbd78be2d8ee286207') in 0.016675 seconds
  Import took 0.020109 seconds .

========================================================================
Received Import Request.
  Time since last request: 53.924471 seconds.
  path: Assets/Pixel Adventure 1/Assets/Main Characters/Ninja Frog/Jump (32x32).png
  artifactKey: Guid(4872bd1108769a946a6acb68dc156fcf) Importer(815301076,1909f56bfc062723c751e8b465ee728b)
Start importing Assets/Pixel Adventure 1/Assets/Main Characters/Ninja Frog/Jump (32x32).png using Guid(4872bd1108769a946a6acb68dc156fcf) Importer(815301076,1909f56bfc062723c751e8b465ee728b)  -> (artifact id: 'b79b730ca9d2c8c07bd401e886fecac9') in 0.008656 seconds
  Import took 0.012511 seconds .

========================================================================
Received Import Request.
  Time since last request: 0.000923 seconds.
  path: Assets/Pixel Adventure 1/Assets/Main Characters/Ninja Frog/Jump (32x32).png
  artifactKey: Guid(4872bd1108769a946a6acb68dc156fcf) Importer(815301076,1909f56bfc062723c751e8b465ee728b)
Start importing Assets/Pixel Adventure 1/Assets/Main Characters/Ninja Frog/Jump (32x32).png using Guid(4872bd1108769a946a6acb68dc156fcf) Importer(815301076,1909f56bfc062723c751e8b465ee728b)  -> (artifact id: 'b79b730ca9d2c8c07bd401e886fecac9') in 0.009203 seconds
  Import took 0.012817 seconds .

========================================================================
Received Prepare
Registering precompiled user dll's ...
Registered in 0.001067 seconds.
Begin MonoManager ReloadAssembly
Native extension for WindowsStandalone target not found
Refreshing native plugins compatible for Editor in 0.47 ms, found 1 plugins.
Preloading 0 native plugins for Editor in 0.00 ms.
Invoked RoslynAnalysisRunner static constructor.
RoslynAnalysisRunner will not be running.
RoslynAnalysisRunner has terminated.
Mono: successfully reloaded assembly
- Completed reload, in  1.169 seconds
Platform modules already initialized, skipping
Refreshing native plugins compatible for Editor in 0.45 ms, found 1 plugins.
Preloading 0 native plugins for Editor in 0.00 ms.
Unloading 1801 Unused Serialized files (Serialized files now loaded: 0)
System memory in use before: 88.2 MB.
System memory in use after: 88.2 MB.

Unloading 12 unused Assets to reduce memory usage. Loaded Objects now: 2346.
Total: 2.371100 ms (FindLiveObjects: 0.223900 ms CreateObjectMapping: 0.092900 ms MarkObjects: 1.934300 ms  DeleteObjects: 0.118900 ms)

========================================================================
Received Prepare
Registering precompiled user dll's ...
Registered in 0.001051 seconds.
Begin MonoManager ReloadAssembly
Native extension for WindowsStandalone target not found
Refreshing native plugins compatible for Editor in 0.46 ms, found 1 plugins.
Preloading 0 native plugins for Editor in 0.00 ms.
Invoked RoslynAnalysisRunner static constructor.
RoslynAnalysisRunner will not be running.
RoslynAnalysisRunner has terminated.
Mono: successfully reloaded assembly
- Completed reload, in  1.149 seconds
Platform modules already initialized, skipping
Refreshing native plugins compatible for Editor in 0.44 ms, found 1 plugins.
Preloading 0 native plugins for Editor in 0.00 ms.
Unloading 1801 Unused Serialized files (Serialized files now loaded: 0)
System memory in use before: 88.3 MB.
System memory in use after: 88.3 MB.

Unloading 12 unused Assets to reduce memory usage. Loaded Objects now: 2350.
Total: 2.531700 ms (FindLiveObjects: 0.249800 ms CreateObjectMapping: 0.086500 ms MarkObjects: 2.065200 ms  DeleteObjects: 0.128400 ms)

========================================================================
Received Prepare
Registering precompiled user dll's ...
Registered in 0.001082 seconds.
Begin MonoManager ReloadAssembly
Native extension for WindowsStandalone target not found
Refreshing native plugins compatible for Editor in 0.49 ms, found 1 plugins.
Preloading 0 native plugins for Editor in 0.00 ms.
Invoked RoslynAnalysisRunner static constructor.
RoslynAnalysisRunner will not be running.
RoslynAnalysisRunner has terminated.
Mono: successfully reloaded assembly
- Completed reload, in  1.129 seconds
Platform modules already initialized, skipping
Refreshing native plugins compatible for Editor in 0.43 ms, found 1 plugins.
Preloading 0 native plugins for Editor in 0.00 ms.
Unloading 1801 Unused Serialized files (Serialized files now loaded: 0)
System memory in use before: 88.3 MB.
System memory in use after: 88.3 MB.

Unloading 12 unused Assets to reduce memory usage. Loaded Objects now: 2354.
Total: 2.596200 ms (FindLiveObjects: 0.221200 ms CreateObjectMapping: 0.094700 ms MarkObjects: 2.157000 ms  DeleteObjects: 0.121700 ms)

========================================================================
Received Prepare
Registering precompiled user dll's ...
Registered in 0.001008 seconds.
Begin MonoManager ReloadAssembly
Native extension for WindowsStandalone target not found
Refreshing native plugins compatible for Editor in 0.44 ms, found 1 plugins.
Preloading 0 native plugins for Editor in 0.00 ms.
Invoked RoslynAnalysisRunner static constructor.
RoslynAnalysisRunner will not be running.
RoslynAnalysisRunner has terminated.
Mono: successfully reloaded assembly
- Completed reload, in  1.125 seconds
Platform modules already initialized, skipping
Refreshing native plugins compatible for Editor in 0.43 ms, found 1 plugins.
Preloading 0 native plugins for Editor in 0.00 ms.
Unloading 1801 Unused Serialized files (Serialized files now loaded: 0)
System memory in use before: 88.3 MB.
System memory in use after: 88.3 MB.

Unloading 12 unused Assets to reduce memory usage. Loaded Objects now: 2358.
Total: 5.025100 ms (FindLiveObjects: 0.424300 ms CreateObjectMapping: 0.201800 ms MarkObjects: 4.151200 ms  DeleteObjects: 0.245400 ms)

========================================================================
Received Import Request.
  Time since last request: 1255.799814 seconds.
  path: Packages/com.unity.ide.vscode
  artifactKey: Guid(1c61a04a5b7737c4d16673d64be4194e) Importer(815301076,1909f56bfc062723c751e8b465ee728b)
Start importing Packages/com.unity.ide.vscode using Guid(1c61a04a5b7737c4d16673d64be4194e) Importer(815301076,1909f56bfc062723c751e8b465ee728b)  -> (artifact id: '0cbdceedab630426432770e3180538ae') in 0.004817 seconds
  Import took 0.008581 seconds .

========================================================================
Received Import Request.
  Time since last request: 0.739002 seconds.
  path: Packages/com.unity.ide.vscode/package.json
  artifactKey: Guid(ffc6271f08270b64ca0aae9c49235d81) Importer(815301076,1909f56bfc062723c751e8b465ee728b)
Start importing Packages/com.unity.ide.vscode/package.json using Guid(ffc6271f08270b64ca0aae9c49235d81) Importer(815301076,1909f56bfc062723c751e8b465ee728b)  -> (artifact id: '77b1401a618fbd93e9af21e9dd0b9f4e') in 0.140582 seconds
  Import took 0.144169 seconds .

========================================================================
Received Import Request.
  Time since last request: 240.038777 seconds.
  path: Assets
  artifactKey: Guid(00000000000000001000000000000000) Importer(815301076,1909f56bfc062723c751e8b465ee728b)
Start importing Assets using Guid(00000000000000001000000000000000) Importer(815301076,1909f56bfc062723c751e8b465ee728b)  -> (artifact id: 'f89434ac489deb914593f829e0a47671') in 0.001753 seconds
  Import took 0.005318 seconds .

========================================================================
Received Import Request.
  Time since last request: 8.921814 seconds.
  path: Assets/Scripits
  artifactKey: Guid(65560eef25fe6f441bfd99b79db02535) Importer(815301076,1909f56bfc062723c751e8b465ee728b)
Start importing Assets/Scripits using Guid(65560eef25fe6f441bfd99b79db02535) Importer(815301076,1909f56bfc062723c751e8b465ee728b)  -> (artifact id: '5bb1a53f83efbb3070e4b9c6dc461154') in 0.001613 seconds
  Import took 0.005081 seconds .

========================================================================
Received Import Request.
  Time since last request: 18.973022 seconds.
  path: Assets/Scripits/PlayerN.cs
  artifactKey: Guid(b3d70c590d5df5d498c9136054a46d46) Importer(815301076,1909f56bfc062723c751e8b465ee728b)
Start importing Assets/Scripits/PlayerN.cs using Guid(b3d70c590d5df5d498c9136054a46d46) Importer(815301076,1909f56bfc062723c751e8b465ee728b)  -> (artifact id: '9aba6161d6a02c53f7d7a23a1fd302f8') in 0.008372 seconds
  Import took 0.012122 seconds .

========================================================================
Received Prepare
Registering precompiled user dll's ...
Registered in 0.001537 seconds.
Begin MonoManager ReloadAssembly
Native extension for WindowsStandalone target not found
Refreshing native plugins compatible for Editor in 0.46 ms, found 1 plugins.
Preloading 0 native plugins for Editor in 0.00 ms.
Invoked RoslynAnalysisRunner static constructor.
RoslynAnalysisRunner will not be running.
RoslynAnalysisRunner has terminated.
Mono: successfully reloaded assembly
- Completed reload, in  1.264 seconds
Platform modules already initialized, skipping
Refreshing native plugins compatible for Editor in 0.70 ms, found 1 plugins.
Preloading 0 native plugins for Editor in 0.00 ms.
Unloading 1802 Unused Serialized files (Serialized files now loaded: 0)
System memory in use before: 88.3 MB.
System memory in use after: 88.3 MB.

Unloading 12 unused Assets to reduce memory usage. Loaded Objects now: 2363.
Total: 2.534900 ms (FindLiveObjects: 0.316200 ms CreateObjectMapping: 0.098000 ms MarkObjects: 1.991200 ms  DeleteObjects: 0.127900 ms)

========================================================================
Received Prepare
Registering precompiled user dll's ...
Registered in 0.001148 seconds.
Begin MonoManager ReloadAssembly
Native extension for WindowsStandalone target not found
Refreshing native plugins compatible for Editor in 0.43 ms, found 1 plugins.
Preloading 0 native plugins for Editor in 0.00 ms.
Invoked RoslynAnalysisRunner static constructor.
RoslynAnalysisRunner will not be running.
RoslynAnalysisRunner has terminated.
Mono: successfully reloaded assembly
- Completed reload, in  1.113 seconds
Platform modules already initialized, skipping
Refreshing native plugins compatible for Editor in 0.42 ms, found 1 plugins.
Preloading 0 native plugins for Editor in 0.00 ms.
Unloading 1802 Unused Serialized files (Serialized files now loaded: 0)
System memory in use before: 88.3 MB.
System memory in use after: 88.3 MB.

Unloading 12 unused Assets to reduce memory usage. Loaded Objects now: 2367.
Total: 2.584400 ms (FindLiveObjects: 0.211700 ms CreateObjectMapping: 0.087800 ms MarkObjects: 2.162200 ms  DeleteObjects: 0.121300 ms)

========================================================================
Received Import Request.
  Time since last request: 45.314610 seconds.
  path: Assets/Scripits/PlayerN.cs
  artifactKey: Guid(b3d70c590d5df5d498c9136054a46d46) Importer(815301076,1909f56bfc062723c751e8b465ee728b)
Start importing Assets/Scripits/PlayerN.cs using Guid(b3d70c590d5df5d498c9136054a46d46) Importer(815301076,1909f56bfc062723c751e8b465ee728b)  -> (artifact id: '2644060b7e50791a86c2bb24afd59efd') in 0.004693 seconds
  Import took 0.008430 seconds .

========================================================================
Received Prepare
Registering precompiled user dll's ...
Registered in 0.001124 seconds.
Begin MonoManager ReloadAssembly
Native extension for WindowsStandalone target not found
Refreshing native plugins compatible for Editor in 0.47 ms, found 1 plugins.
Preloading 0 native plugins for Editor in 0.00 ms.
Invoked RoslynAnalysisRunner static constructor.
RoslynAnalysisRunner will not be running.
RoslynAnalysisRunner has terminated.
Mono: successfully reloaded assembly
- Completed reload, in  1.171 seconds
Platform modules already initialized, skipping
Refreshing native plugins compatible for Editor in 0.45 ms, found 1 plugins.
Preloading 0 native plugins for Editor in 0.00 ms.
Unloading 1802 Unused Serialized files (Serialized files now loaded: 0)
System memory in use before: 88.3 MB.
System memory in use after: 88.3 MB.

Unloading 12 unused Assets to reduce memory usage. Loaded Objects now: 2371.
Total: 2.587400 ms (FindLiveObjects: 0.265500 ms CreateObjectMapping: 0.139100 ms MarkObjects: 2.051600 ms  DeleteObjects: 0.129300 ms)

========================================================================
Received Import Request.
  Time since last request: 629.502199 seconds.
  path: ProjectSettings/TagManager.asset
  artifactKey: Guid(00000000000000003000000000000000) Importer(815301076,1909f56bfc062723c751e8b465ee728b)
Start importing ProjectSettings/TagManager.asset using Guid(00000000000000003000000000000000) Importer(815301076,1909f56bfc062723c751e8b465ee728b)  -> (artifact id: '48bee843c698d9ab3dae6dfd10a6554a') in 0.021643 seconds
  Import took 0.026236 seconds .

========================================================================
Received Import Request.
  Time since last request: 0.012273 seconds.
  path: ProjectSettings/TagManager.asset
  artifactKey: Guid(00000000000000003000000000000000) Importer(815301076,1909f56bfc062723c751e8b465ee728b)
Start importing ProjectSettings/TagManager.asset using Guid(00000000000000003000000000000000) Importer(815301076,1909f56bfc062723c751e8b465ee728b)  -> (artifact id: '48bee843c698d9ab3dae6dfd10a6554a') in 0.002432 seconds
  Import took 0.006653 seconds .

========================================================================
Received Prepare
Registering precompiled user dll's ...
Registered in 0.001139 seconds.
Begin MonoManager ReloadAssembly
Native extension for WindowsStandalone target not found
Refreshing native plugins compatible for Editor in 0.47 ms, found 1 plugins.
Preloading 0 native plugins for Editor in 0.00 ms.
Invoked RoslynAnalysisRunner static constructor.
RoslynAnalysisRunner will not be running.
RoslynAnalysisRunner has terminated.
Mono: successfully reloaded assembly
- Completed reload, in  1.152 seconds
Platform modules already initialized, skipping
Refreshing native plugins compatible for Editor in 0.44 ms, found 1 plugins.
Preloading 0 native plugins for Editor in 0.00 ms.
Unloading 1802 Unused Serialized files (Serialized files now loaded: 0)
System memory in use before: 88.4 MB.
System memory in use after: 88.4 MB.

Unloading 14 unused Assets to reduce memory usage. Loaded Objects now: 2375.
Total: 2.567200 ms (FindLiveObjects: 0.210800 ms CreateObjectMapping: 0.082200 ms MarkObjects: 2.147800 ms  DeleteObjects: 0.125100 ms)

========================================================================
Received Prepare
Registering precompiled user dll's ...
Registered in 0.001025 seconds.
Begin MonoManager ReloadAssembly
Native extension for WindowsStandalone target not found
Refreshing native plugins compatible for Editor in 0.46 ms, found 1 plugins.
Preloading 0 native plugins for Editor in 0.00 ms.
Invoked RoslynAnalysisRunner static constructor.
RoslynAnalysisRunner will not be running.
RoslynAnalysisRunner has terminated.
Mono: successfully reloaded assembly
- Completed reload, in  1.145 seconds
Platform modules already initialized, skipping
Refreshing native plugins compatible for Editor in 0.44 ms, found 1 plugins.
Preloading 0 native plugins for Editor in 0.00 ms.
Unloading 1802 Unused Serialized files (Serialized files now loaded: 0)
System memory in use before: 88.4 MB.
System memory in use after: 88.4 MB.

Unloading 12 unused Assets to reduce memory usage. Loaded Objects now: 2379.
Total: 2.732600 ms (FindLiveObjects: 0.296600 ms CreateObjectMapping: 0.121300 ms MarkObjects: 2.182600 ms  DeleteObjects: 0.130400 ms)

========================================================================
Received Prepare
Registering precompiled user dll's ...
Registered in 0.001073 seconds.
Begin MonoManager ReloadAssembly
Native extension for WindowsStandalone target not found
Refreshing native plugins compatible for Editor in 0.44 ms, found 1 plugins.
Preloading 0 native plugins for Editor in 0.00 ms.
Invoked RoslynAnalysisRunner static constructor.
RoslynAnalysisRunner will not be running.
RoslynAnalysisRunner has terminated.
Mono: successfully reloaded assembly
- Completed reload, in  1.157 seconds
Platform modules already initialized, skipping
Refreshing native plugins compatible for Editor in 0.55 ms, found 1 plugins.
Preloading 0 native plugins for Editor in 0.00 ms.
Unloading 1802 Unused Serialized files (Serialized files now loaded: 0)
System memory in use before: 88.4 MB.
System memory in use after: 88.4 MB.

Unloading 12 unused Assets to reduce memory usage. Loaded Objects now: 2383.
Total: 2.774200 ms (FindLiveObjects: 0.335300 ms CreateObjectMapping: 0.133000 ms MarkObjects: 2.178900 ms  DeleteObjects: 0.125700 ms)

========================================================================
Received Prepare
Registering precompiled user dll's ...
Registered in 0.001071 seconds.
Begin MonoManager ReloadAssembly
Native extension for WindowsStandalone target not found
Refreshing native plugins compatible for Editor in 0.44 ms, found 1 plugins.
Preloading 0 native plugins for Editor in 0.00 ms.
Invoked RoslynAnalysisRunner static constructor.
RoslynAnalysisRunner will not be running.
RoslynAnalysisRunner has terminated.
Mono: successfully reloaded assembly
- Completed reload, in  1.135 seconds
Platform modules already initialized, skipping
Refreshing native plugins compatible for Editor in 0.45 ms, found 1 plugins.
Preloading 0 native plugins for Editor in 0.00 ms.
Unloading 1802 Unused Serialized files (Serialized files now loaded: 0)
System memory in use before: 88.4 MB.
System memory in use after: 88.4 MB.

Unloading 12 unused Assets to reduce memory usage. Loaded Objects now: 2387.
Total: 2.502800 ms (FindLiveObjects: 0.240200 ms CreateObjectMapping: 0.085600 ms MarkObjects: 2.049300 ms  DeleteObjects: 0.126400 ms)

========================================================================
Received Prepare
Registering precompiled user dll's ...
Registered in 0.001017 seconds.
Begin MonoManager ReloadAssembly
Native extension for WindowsStandalone target not found
Refreshing native plugins compatible for Editor in 0.44 ms, found 1 plugins.
Preloading 0 native plugins for Editor in 0.00 ms.
Invoked RoslynAnalysisRunner static constructor.
RoslynAnalysisRunner will not be running.
RoslynAnalysisRunner has terminated.
Mono: successfully reloaded assembly
- Completed reload, in  1.140 seconds
Platform modules already initialized, skipping
Refreshing native plugins compatible for Editor in 0.43 ms, found 1 plugins.
Preloading 0 native plugins for Editor in 0.00 ms.
Unloading 1802 Unused Serialized files (Serialized files now loaded: 0)
System memory in use before: 88.4 MB.
System memory in use after: 88.4 MB.

Unloading 12 unused Assets to reduce memory usage. Loaded Objects now: 2391.
Total: 2.536100 ms (FindLiveObjects: 0.292600 ms CreateObjectMapping: 0.077700 ms MarkObjects: 2.036900 ms  DeleteObjects: 0.127600 ms)

========================================================================
Received Prepare
Registering precompiled user dll's ...
Registered in 0.000713 seconds.
Begin MonoManager ReloadAssembly
Native extension for WindowsStandalone target not found
Refreshing native plugins compatible for Editor in 0.33 ms, found 1 plugins.
Preloading 0 native plugins for Editor in 0.00 ms.
Invoked RoslynAnalysisRunner static constructor.
RoslynAnalysisRunner will not be running.
RoslynAnalysisRunner has terminated.
Mono: successfully reloaded assembly
- Completed reload, in  0.731 seconds
Platform modules already initialized, skipping
Refreshing native plugins compatible for Editor in 0.35 ms, found 1 plugins.
Preloading 0 native plugins for Editor in 0.00 ms.
Unloading 1802 Unused Serialized files (Serialized files now loaded: 0)
System memory in use before: 88.4 MB.
System memory in use after: 88.4 MB.

Unloading 12 unused Assets to reduce memory usage. Loaded Objects now: 2395.
Total: 1.896800 ms (FindLiveObjects: 0.193900 ms CreateObjectMapping: 0.060700 ms MarkObjects: 1.546700 ms  DeleteObjects: 0.094300 ms)

========================================================================
Received Import Request.
  Time since last request: 3439.944102 seconds.
  path: Assets/Scripits/OpenDoor.cs
  artifactKey: Guid(542177366d5c05d4f9d222c7e02124c2) Importer(815301076,1909f56bfc062723c751e8b465ee728b)
Start importing Assets/Scripits/OpenDoor.cs using Guid(542177366d5c05d4f9d222c7e02124c2) Importer(815301076,1909f56bfc062723c751e8b465ee728b)  -> (artifact id: '67ae1e4acb9b434b22589bf6d0828628') in 0.006582 seconds
  Import took 0.011888 seconds .

========================================================================
Received Prepare
Registering precompiled user dll's ...
Registered in 0.001148 seconds.
Begin MonoManager ReloadAssembly
Native extension for WindowsStandalone target not found
Refreshing native plugins compatible for Editor in 0.44 ms, found 1 plugins.
Preloading 0 native plugins for Editor in 0.00 ms.
Invoked RoslynAnalysisRunner static constructor.
RoslynAnalysisRunner will not be running.
RoslynAnalysisRunner has terminated.
Mono: successfully reloaded assembly
- Completed reload, in  1.143 seconds
Platform modules already initialized, skipping
Refreshing native plugins compatible for Editor in 0.42 ms, found 1 plugins.
Preloading 0 native plugins for Editor in 0.00 ms.
Unloading 1803 Unused Serialized files (Serialized files now loaded: 0)
System memory in use before: 88.4 MB.
System memory in use after: 88.4 MB.

Unloading 12 unused Assets to reduce memory usage. Loaded Objects now: 2400.
Total: 2.704800 ms (FindLiveObjects: 0.275100 ms CreateObjectMapping: 0.093800 ms MarkObjects: 2.206400 ms  DeleteObjects: 0.128200 ms)

========================================================================
Received Prepare
Registering precompiled user dll's ...
Registered in 0.001063 seconds.
Begin MonoManager ReloadAssembly
Native extension for WindowsStandalone target not found
Refreshing native plugins compatible for Editor in 0.47 ms, found 1 plugins.
Preloading 0 native plugins for Editor in 0.00 ms.
Invoked RoslynAnalysisRunner static constructor.
RoslynAnalysisRunner will not be running.
RoslynAnalysisRunner has terminated.
Mono: successfully reloaded assembly
- Completed reload, in  1.147 seconds
Platform modules already initialized, skipping
Refreshing native plugins compatible for Editor in 0.43 ms, found 1 plugins.
Preloading 0 native plugins for Editor in 0.00 ms.
Unloading 1803 Unused Serialized files (Serialized files now loaded: 0)
System memory in use before: 88.4 MB.
System memory in use after: 88.4 MB.

Unloading 12 unused Assets to reduce memory usage. Loaded Objects now: 2404.
Total: 4.246200 ms (FindLiveObjects: 0.467900 ms CreateObjectMapping: 0.185500 ms MarkObjects: 3.409400 ms  DeleteObjects: 0.180800 ms)

========================================================================
Received Prepare
Registering precompiled user dll's ...
Registered in 0.001090 seconds.
Begin MonoManager ReloadAssembly
Native extension for WindowsStandalone target not found
Refreshing native plugins compatible for Editor in 0.48 ms, found 1 plugins.
Preloading 0 native plugins for Editor in 0.00 ms.
Invoked RoslynAnalysisRunner static constructor.
RoslynAnalysisRunner will not be running.
RoslynAnalysisRunner has terminated.
Mono: successfully reloaded assembly
- Completed reload, in  1.133 seconds
Platform modules already initialized, skipping
Refreshing native plugins compatible for Editor in 0.42 ms, found 1 plugins.
Preloading 0 native plugins for Editor in 0.00 ms.
Unloading 1803 Unused Serialized files (Serialized files now loaded: 0)
System memory in use before: 88.5 MB.
System memory in use after: 88.4 MB.

Unloading 12 unused Assets to reduce memory usage. Loaded Objects now: 2408.
Total: 2.469000 ms (FindLiveObjects: 0.224000 ms CreateObjectMapping: 0.087800 ms MarkObjects: 2.034600 ms  DeleteObjects: 0.121300 ms)

